2024-09-13 08:40:29,062 - INFO - Bot MAGLab Event Bot has connected to Discord.
2024-09-13 08:40:37,446 - INFO - Updated event: We are CLOSED
2024-09-13 08:45:37,320 - INFO - Bot MAGLab Event Bot has connected to Discord.
2024-09-13 08:45:45,696 - INFO - Updated event: We are CLOSED
2024-09-13 08:50:46,632 - INFO - Updated event: We are CLOSED
2024-09-13 08:55:45,438 - INFO - Updated event: We are CLOSED
2024-09-13 09:00:48,795 - INFO - Updated event: We are CLOSED
2024-09-13 09:05:45,502 - INFO - Updated event: We are CLOSED
2024-09-13 09:10:45,927 - INFO - Updated event: We are CLOSED
2024-09-13 09:15:45,614 - INFO - Updated event: We are CLOSED
2024-09-13 09:17:58,246 - WARNING - Bot MAGLab Event Bot has disconnected, attempting to reconnect...
2024-09-13 09:17:58,492 - INFO - Bot MAGLab Event Bot has reconnected to Discord.
2024-09-13 09:20:45,539 - INFO - Updated event: We are CLOSED
2024-09-13 09:25:45,421 - INFO - Updated event: We are CLOSED
2024-09-13 09:30:45,820 - INFO - Updated event: We are CLOSED
2024-09-13 09:35:45,561 - INFO - Updated event: We are CLOSED
2024-09-13 09:40:45,140 - INFO - Updated event: We are CLOSED
2024-09-13 09:45:46,009 - INFO - Updated event: We are CLOSED
2024-09-13 09:50:45,982 - INFO - Updated event: We are CLOSED
2024-09-13 09:55:45,736 - INFO - Updated event: We are CLOSED
2024-09-13 10:00:48,435 - INFO - Updated event: We are CLOSED
2024-09-13 10:05:45,898 - INFO - Updated event: We are CLOSED
2024-09-13 10:10:46,201 - INFO - Updated event: We are CLOSED
2024-09-13 10:15:46,227 - INFO - Updated event: We are CLOSED
2024-09-13 10:20:45,919 - INFO - Updated event: We are CLOSED
2024-09-13 10:25:45,690 - INFO - Updated event: We are CLOSED
2024-09-13 10:30:46,419 - INFO - Updated event: We are CLOSED
2024-09-13 10:35:44,987 - INFO - Updated event: We are CLOSED
2024-09-13 10:40:47,886 - INFO - Updated event: We are CLOSED
2024-09-13 10:45:45,128 - INFO - Updated event: We are CLOSED
2024-09-13 10:50:45,211 - INFO - Updated event: We are CLOSED
2024-09-13 10:55:45,638 - INFO - Updated event: We are CLOSED
2024-09-13 11:00:48,755 - INFO - Updated event: We are CLOSED
2024-09-13 11:05:45,849 - INFO - Updated event: We are CLOSED
2024-09-13 11:10:45,907 - INFO - Updated event: We are CLOSED
2024-09-13 11:15:45,500 - INFO - Updated event: We are CLOSED
2024-09-13 11:20:45,453 - INFO - Updated event: We are CLOSED
2024-09-13 11:25:45,287 - INFO - Updated event: We are CLOSED
2024-09-13 11:30:45,458 - INFO - Updated event: We are CLOSED
2024-09-13 11:35:45,734 - INFO - Updated event: We are CLOSED
2024-09-13 11:40:45,517 - INFO - Updated event: We are CLOSED
2024-09-13 11:45:45,860 - INFO - Updated event: We are CLOSED
2024-09-13 11:47:30,853 - WARNING - Bot MAGLab Event Bot has disconnected, attempting to reconnect...
2024-09-13 11:47:31,089 - INFO - Bot MAGLab Event Bot has reconnected to Discord.
2024-09-13 11:55:06,891 - INFO - Bot MAGLab Event Bot has connected to Discord.
2024-09-13 11:55:15,370 - INFO - Updated event: We are CLOSED
2024-09-13 12:00:21,973 - INFO - Updated event: We are CLOSED
2024-09-13 12:05:16,046 - INFO - Updated event: We are CLOSED
2024-09-13 12:05:46,380 - INFO - Bot MAGLab Event Bot has connected to Discord.
2024-09-13 12:05:55,675 - INFO - Updated event: We are CLOSED
2024-09-13 12:06:33,496 - INFO - Bot MAGLab Event Bot has connected to Discord.
2024-09-13 12:23:19,808 - INFO - Bot MAGLab Event Bot has connected to Discord.
2024-09-13 12:23:28,687 - INFO - Created new event: We are CLOSED
2024-09-13 12:28:27,736 - INFO - Updated event: We are CLOSED
2024-09-13 12:33:27,852 - INFO - Updated event: We are CLOSED
2024-09-13 12:38:28,804 - INFO - Updated event: We are CLOSED
2024-09-13 12:43:28,612 - INFO - Updated event: We are CLOSED
2024-09-13 12:46:57,118 - INFO - Bot MAGLab Event Bot has connected to Discord.
2024-09-13 12:53:59,770 - INFO - Bot MAGLab Event Bot has connected to Discord.
2024-09-13 12:54:08,968 - INFO - Bot MAGLab Event Bot has connected to Discord.
2024-09-13 12:54:16,364 - INFO - Bot MAGLab Event Bot has connected to Discord.
2024-09-13 12:54:24,496 - INFO - Created new event: We are CLOSED
2024-09-13 12:59:25,146 - INFO - Updated event: We are CLOSED
2024-09-13 13:04:25,198 - INFO - Updated event: We are CLOSED
2024-09-13 13:05:00,743 - INFO - Bot MAGLab Event Bot has connected to Discord.
2024-09-13 13:05:08,592 - INFO - Updated event: We are CLOSED
2024-09-13 13:10:09,278 - INFO - Updated event: We are CLOSED
2024-09-13 13:13:02,825 - INFO - Bot MAGLab Event Bot has connected to Discord.
2024-09-13 13:13:10,809 - INFO - Updated event: We are CLOSED
2024-09-13 13:18:10,739 - INFO - Updated event: We are CLOSED
2024-09-13 13:18:25,579 - INFO - Bot MAGLab Event Bot has connected to Discord.
2024-09-13 13:18:33,280 - INFO - Updated event: We are CLOSED
2024-09-13 13:21:37,433 - INFO - Bot MAGLab Event Bot has connected to Discord.
2024-09-13 13:21:46,651 - INFO - Updated event: We are CLOSED
2024-09-13 13:22:59,824 - INFO - Bot MAGLab Event Bot has connected to Discord.
2024-09-13 13:23:08,008 - INFO - Updated event: We are CLOSED
2024-09-13 13:29:22,270 - INFO - Bot MAGLab Event Bot has connected to Discord.
2024-09-13 13:29:32,111 - INFO - Updated event: We are CLOSED
2024-09-13 13:32:20,823 - INFO - Bot MAGLab Event Bot has connected to Discord.
2024-09-13 13:32:28,788 - INFO - Updated event: We are CLOSED
2024-09-13 13:33:42,585 - INFO - Bot MAGLab Event Bot has connected to Discord.
2024-09-13 13:33:50,273 - INFO - Updated event: We are CLOSED
2024-09-13 13:38:51,111 - INFO - Updated event: We are CLOSED
2024-09-13 13:49:55,966 - INFO - Bot MAGLab Event Bot has connected to Discord.
2024-09-13 13:50:04,286 - INFO - Created new event: We are CLOSED
2024-09-13 13:50:14,346 - INFO - Bot MAGLab Event Bot has connected to Discord.
2024-09-13 13:50:22,942 - INFO - Updated event: We are CLOSED
2024-09-13 13:50:33,749 - INFO - Bot MAGLab Event Bot has connected to Discord.
2024-09-13 13:53:51,861 - INFO - Bot MAGLab Event Bot has connected to Discord.
2024-09-13 13:54:00,063 - INFO - Updated event: We are CLOSED
2024-09-13 14:06:41,650 - INFO - Bot MAGLab Event Bot has connected to Discord.
2024-09-13 14:06:49,840 - INFO - Created new event: We are CLOSED
2024-09-13 14:09:04,839 - INFO - Bot MAGLab Event Bot has connected to Discord.
2024-09-13 14:09:13,310 - INFO - Updated event: We are CLOSED
2024-09-13 14:14:12,919 - INFO - Updated event: We are CLOSED
2024-09-13 14:18:28,038 - INFO - Bot MAGLab Event Bot has connected to Discord.
2024-09-13 14:18:35,886 - INFO - Updated event: We are CLOSED
2024-09-13 14:19:42,793 - INFO - Bot MAGLab Event Bot has connected to Discord.
2024-09-13 14:19:50,579 - INFO - Updated event: We are CLOSED
2024-09-13 14:24:50,848 - INFO - Updated event: We are CLOSED
